build/app/intermediates/manifest_merge_blame_file/release/manifest-merger-blame-release-report.txt
1<?xml version="1.0" encoding="utf-8"?>
2<manifest xmlns:android="http://schemas.android.com/apk/res/android"
3    package="co.UmaSriKanth.flash_chat"
4    android:versionCode="1"
5    android:versionName="1.0.0" >
6
7    <uses-sdk
8        android:minSdkVersion="16"
8-->src/main/AndroidManifest.xml
9        android:targetSdkVersion="29" />
9-->src/main/AndroidManifest.xml
10
11    <!--
12         io.flutter.app.FlutterApplication is an android.app.Application that
13         calls FlutterMain.startInitialization(this); in its onCreate method.
14         In most cases you can leave this as-is, but you if you want to provide
15         additional functionality it is fine to subclass or reimplement
16         FlutterApplication and put your custom class here.
17    -->
18    <uses-permission android:name="android.permission.INTERNET" />
18-->src/main/AndroidManifest.xml:9:5-66
18-->src/main/AndroidManifest.xml:9:22-64
19    <uses-permission android:name="android.permission.ACCESS_NETWORK_STATE" />
19-->[com.google.android.gms:play-services-measurement:17.2.2] AndroidManifest.xml:24:5-79
19-->[com.google.android.gms:play-services-measurement:17.2.2] AndroidManifest.xml:24:22-76
20    <uses-permission android:name="android.permission.WAKE_LOCK" />
20-->[com.google.android.gms:play-services-measurement:17.2.2] AndroidManifest.xml:25:5-68
20-->[com.google.android.gms:play-services-measurement:17.2.2] AndroidManifest.xml:25:22-65
21    <uses-permission android:name="com.google.android.finsky.permission.BIND_GET_INSTALL_REFERRER_SERVICE" /> <!-- Required by older versions of Google Play services to create IID tokens -->
21-->[com.google.android.gms:play-services-measurement:17.2.2] AndroidManifest.xml:26:5-110
21-->[com.google.android.gms:play-services-measurement:17.2.2] AndroidManifest.xml:26:22-107
22    <uses-permission android:name="com.google.android.c2dm.permission.RECEIVE" />
22-->[com.google.firebase:firebase-iid:20.0.2] AndroidManifest.xml:26:5-82
22-->[com.google.firebase:firebase-iid:20.0.2] AndroidManifest.xml:26:22-79
23
24    <application
24-->src/main/AndroidManifest.xml:10:5-33:19
25        android:name="io.flutter.app.FlutterApplication"
25-->src/main/AndroidManifest.xml:11:9-57
26        android:appComponentFactory="androidx.core.app.CoreComponentFactory"
26-->[androidx.core:core:1.1.0] AndroidManifest.xml:24:18-86
27        android:icon="@mipmap/ic_launcher"
27-->src/main/AndroidManifest.xml:13:9-43
28        android:label="flash_chat" >
28-->src/main/AndroidManifest.xml:12:9-35
29        <activity
29-->src/main/AndroidManifest.xml:14:9-32:20
30            android:name="co.appbrewery.flash_chat.MainActivity"
30-->src/main/AndroidManifest.xml:15:13-41
31            android:configChanges="orientation|keyboardHidden|keyboard|screenSize|locale|layoutDirection|fontScale|screenLayout|density|uiMode"
31-->src/main/AndroidManifest.xml:18:13-144
32            android:hardwareAccelerated="true"
32-->src/main/AndroidManifest.xml:19:13-47
33            android:launchMode="singleTop"
33-->src/main/AndroidManifest.xml:16:13-43
34            android:theme="@style/LaunchTheme"
34-->src/main/AndroidManifest.xml:17:13-47
35            android:windowSoftInputMode="adjustResize" >
35-->src/main/AndroidManifest.xml:20:13-55
36
37            <!--
38                 This keeps the window background of the activity showing
39                 until Flutter renders its first frame. It can be removed if
40                 there is no splash screen (such as the default splash screen
41                 defined in @style/LaunchTheme).
42            -->
43            <meta-data
43-->src/main/AndroidManifest.xml:25:13-27:40
44                android:name="io.flutter.app.android.SplashScreenUntilFirstFrame"
44-->src/main/AndroidManifest.xml:26:17-82
45                android:value="true" />
45-->src/main/AndroidManifest.xml:27:17-37
46
47            <intent-filter>
47-->src/main/AndroidManifest.xml:28:13-31:29
48                <action android:name="android.intent.action.MAIN" />
48-->src/main/AndroidManifest.xml:29:17-68
48-->src/main/AndroidManifest.xml:29:25-66
49
50                <category android:name="android.intent.category.LAUNCHER" />
50-->src/main/AndroidManifest.xml:30:17-76
50-->src/main/AndroidManifest.xml:30:27-74
51            </intent-filter>
52        </activity>
53
54        <service
54-->[:firebase_auth] AndroidManifest.xml:8:9-12:19
55            android:name="com.google.firebase.components.ComponentDiscoveryService"
55-->[:firebase_auth] AndroidManifest.xml:8:18-89
56            android:directBootAware="true"
56-->[com.google.firebase:firebase-common:19.3.0] AndroidManifest.xml:34:13-43
57            android:exported="false" >
57-->[com.google.android.gms:play-services-measurement-api:17.2.2] AndroidManifest.xml:29:13-37
58            <meta-data
58-->[:firebase_auth] AndroidManifest.xml:9:13-11:85
59                android:name="com.google.firebase.components:io.flutter.plugins.firebaseauth.FlutterFirebaseAppRegistrar"
59-->[:firebase_auth] AndroidManifest.xml:10:17-122
60                android:value="com.google.firebase.components.ComponentRegistrar" />
60-->[:firebase_auth] AndroidManifest.xml:11:17-82
61            <meta-data
61-->[:cloud_firestore] AndroidManifest.xml:9:13-11:85
62                android:name="com.google.firebase.components:io.flutter.plugins.firebase.cloudfirestore.FlutterFirebaseAppRegistrar"
62-->[:cloud_firestore] AndroidManifest.xml:10:17-133
63                android:value="com.google.firebase.components.ComponentRegistrar" />
63-->[:cloud_firestore] AndroidManifest.xml:11:17-82
64            <meta-data
64-->[:firebase_core] AndroidManifest.xml:9:13-11:85
65                android:name="com.google.firebase.components:io.flutter.plugins.firebase.core.FlutterFirebaseAppRegistrar"
65-->[:firebase_core] AndroidManifest.xml:10:17-123
66                android:value="com.google.firebase.components.ComponentRegistrar" />
66-->[:firebase_core] AndroidManifest.xml:11:17-82
67            <meta-data
67-->[com.google.android.gms:play-services-measurement-api:17.2.2] AndroidManifest.xml:30:13-32:85
68                android:name="com.google.firebase.components:com.google.firebase.analytics.connector.internal.AnalyticsConnectorRegistrar"
68-->[com.google.android.gms:play-services-measurement-api:17.2.2] AndroidManifest.xml:31:17-139
69                android:value="com.google.firebase.components.ComponentRegistrar" />
69-->[com.google.android.gms:play-services-measurement-api:17.2.2] AndroidManifest.xml:32:17-82
70            <meta-data
70-->[com.google.firebase:firebase-auth:19.2.0] AndroidManifest.xml:36:13-38:85
71                android:name="com.google.firebase.components:com.google.firebase.auth.FirebaseAuthRegistrar"
71-->[com.google.firebase:firebase-auth:19.2.0] AndroidManifest.xml:37:17-109
72                android:value="com.google.firebase.components.ComponentRegistrar" />
72-->[com.google.firebase:firebase-auth:19.2.0] AndroidManifest.xml:38:17-82
73            <meta-data
73-->[com.google.firebase:firebase-firestore:21.3.0] AndroidManifest.xml:20:13-22:85
74                android:name="com.google.firebase.components:com.google.firebase.firestore.FirestoreRegistrar"
74-->[com.google.firebase:firebase-firestore:21.3.0] AndroidManifest.xml:21:17-111
75                android:value="com.google.firebase.components.ComponentRegistrar" />
75-->[com.google.firebase:firebase-firestore:21.3.0] AndroidManifest.xml:22:17-82
76            <meta-data
76-->[com.google.firebase:firebase-iid:20.0.2] AndroidManifest.xml:32:13-34:85
77                android:name="com.google.firebase.components:com.google.firebase.iid.Registrar"
77-->[com.google.firebase:firebase-iid:20.0.2] AndroidManifest.xml:33:17-96
78                android:value="com.google.firebase.components.ComponentRegistrar" />
78-->[com.google.firebase:firebase-iid:20.0.2] AndroidManifest.xml:34:17-82
79        </service>
80
81        <receiver
81-->[com.google.android.gms:play-services-measurement:17.2.2] AndroidManifest.xml:29:9-33:20
82            android:name="com.google.android.gms.measurement.AppMeasurementReceiver"
82-->[com.google.android.gms:play-services-measurement:17.2.2] AndroidManifest.xml:30:13-85
83            android:enabled="true"
83-->[com.google.android.gms:play-services-measurement:17.2.2] AndroidManifest.xml:31:13-35
84            android:exported="false" >
84-->[com.google.android.gms:play-services-measurement:17.2.2] AndroidManifest.xml:32:13-37
85        </receiver>
86        <receiver
86-->[com.google.android.gms:play-services-measurement:17.2.2] AndroidManifest.xml:34:9-42:20
87            android:name="com.google.android.gms.measurement.AppMeasurementInstallReferrerReceiver"
87-->[com.google.android.gms:play-services-measurement:17.2.2] AndroidManifest.xml:35:13-100
88            android:enabled="true"
88-->[com.google.android.gms:play-services-measurement:17.2.2] AndroidManifest.xml:36:13-35
89            android:exported="true"
89-->[com.google.android.gms:play-services-measurement:17.2.2] AndroidManifest.xml:37:13-36
90            android:permission="android.permission.INSTALL_PACKAGES" >
90-->[com.google.android.gms:play-services-measurement:17.2.2] AndroidManifest.xml:38:13-69
91            <intent-filter>
91-->[com.google.android.gms:play-services-measurement:17.2.2] AndroidManifest.xml:39:13-41:29
92                <action android:name="com.android.vending.INSTALL_REFERRER" />
92-->[com.google.android.gms:play-services-measurement:17.2.2] AndroidManifest.xml:40:17-79
92-->[com.google.android.gms:play-services-measurement:17.2.2] AndroidManifest.xml:40:25-76
93            </intent-filter>
94        </receiver>
95
96        <service
96-->[com.google.android.gms:play-services-measurement:17.2.2] AndroidManifest.xml:44:9-47:40
97            android:name="com.google.android.gms.measurement.AppMeasurementService"
97-->[com.google.android.gms:play-services-measurement:17.2.2] AndroidManifest.xml:45:13-84
98            android:enabled="true"
98-->[com.google.android.gms:play-services-measurement:17.2.2] AndroidManifest.xml:46:13-35
99            android:exported="false" />
99-->[com.google.android.gms:play-services-measurement:17.2.2] AndroidManifest.xml:47:13-37
100        <service
100-->[com.google.android.gms:play-services-measurement:17.2.2] AndroidManifest.xml:48:9-52:72
101            android:name="com.google.android.gms.measurement.AppMeasurementJobService"
101-->[com.google.android.gms:play-services-measurement:17.2.2] AndroidManifest.xml:49:13-87
102            android:enabled="true"
102-->[com.google.android.gms:play-services-measurement:17.2.2] AndroidManifest.xml:50:13-35
103            android:exported="false"
103-->[com.google.android.gms:play-services-measurement:17.2.2] AndroidManifest.xml:51:13-37
104            android:permission="android.permission.BIND_JOB_SERVICE" />
104-->[com.google.android.gms:play-services-measurement:17.2.2] AndroidManifest.xml:52:13-69
105
106        <activity
106-->[com.google.firebase:firebase-auth:19.2.0] AndroidManifest.xml:24:9-31:50
107            android:name="com.google.firebase.auth.internal.FederatedSignInActivity"
107-->[com.google.firebase:firebase-auth:19.2.0] AndroidManifest.xml:25:13-85
108            android:excludeFromRecents="true"
108-->[com.google.firebase:firebase-auth:19.2.0] AndroidManifest.xml:26:13-46
109            android:exported="true"
109-->[com.google.firebase:firebase-auth:19.2.0] AndroidManifest.xml:27:13-36
110            android:launchMode="singleTask"
110-->[com.google.firebase:firebase-auth:19.2.0] AndroidManifest.xml:28:13-44
111            android:permission="com.google.firebase.auth.api.gms.permission.LAUNCH_FEDERATED_SIGN_IN"
111-->[com.google.firebase:firebase-auth:19.2.0] AndroidManifest.xml:29:13-102
112            android:theme="@android:style/Theme.Translucent.NoTitleBar" />
112-->[com.google.firebase:firebase-auth:19.2.0] AndroidManifest.xml:30:13-72
113
114        <receiver
114-->[com.google.firebase:firebase-iid:20.0.2] AndroidManifest.xml:37:9-44:20
115            android:name="com.google.firebase.iid.FirebaseInstanceIdReceiver"
115-->[com.google.firebase:firebase-iid:20.0.2] AndroidManifest.xml:38:13-78
116            android:exported="true"
116-->[com.google.firebase:firebase-iid:20.0.2] AndroidManifest.xml:39:13-36
117            android:permission="com.google.android.c2dm.permission.SEND" >
117-->[com.google.firebase:firebase-iid:20.0.2] AndroidManifest.xml:40:13-73
118            <intent-filter>
118-->[com.google.firebase:firebase-iid:20.0.2] AndroidManifest.xml:41:13-43:29
119                <action android:name="com.google.android.c2dm.intent.RECEIVE" />
119-->[com.google.firebase:firebase-iid:20.0.2] AndroidManifest.xml:42:17-81
119-->[com.google.firebase:firebase-iid:20.0.2] AndroidManifest.xml:42:25-78
120            </intent-filter>
121        </receiver>
122
123        <provider
123-->[com.google.firebase:firebase-common:19.3.0] AndroidManifest.xml:26:9-30:39
124            android:name="com.google.firebase.provider.FirebaseInitProvider"
124-->[com.google.firebase:firebase-common:19.3.0] AndroidManifest.xml:27:13-77
125            android:authorities="co.UmaSriKanth.flash_chat.firebaseinitprovider"
125-->[com.google.firebase:firebase-common:19.3.0] AndroidManifest.xml:28:13-72
126            android:exported="false"
126-->[com.google.firebase:firebase-common:19.3.0] AndroidManifest.xml:29:13-37
127            android:initOrder="100" />
127-->[com.google.firebase:firebase-common:19.3.0] AndroidManifest.xml:30:13-36
128
129        <activity
129-->[com.google.android.gms:play-services-base:17.1.0] AndroidManifest.xml:23:9-26:75
130            android:name="com.google.android.gms.common.api.GoogleApiActivity"
130-->[com.google.android.gms:play-services-base:17.1.0] AndroidManifest.xml:24:13-79
131            android:exported="false"
131-->[com.google.android.gms:play-services-base:17.1.0] AndroidManifest.xml:25:13-37
132            android:theme="@android:style/Theme.Translucent.NoTitleBar" />
132-->[com.google.android.gms:play-services-base:17.1.0] AndroidManifest.xml:26:13-72
133
134        <meta-data
134-->[com.google.android.gms:play-services-basement:17.0.0] AndroidManifest.xml:23:9-25:69
135            android:name="com.google.android.gms.version"
135-->[com.google.android.gms:play-services-basement:17.0.0] AndroidManifest.xml:24:13-58
136            android:value="@integer/google_play_services_version" />
136-->[com.google.android.gms:play-services-basement:17.0.0] AndroidManifest.xml:25:13-66
137    </application>
138
139</manifest>